#
# A fatal error has been detected by the Java Runtime Environment:
#
#  EXCEPTION_ACCESS_VIOLATION (0xc0000005) at pc=0x00000000731e7b25, pid=11168, tid=12012
#
# JRE version: 6.0_17-b04
# Java VM: Java HotSpot(TM) 64-Bit Server VM (14.3-b01 mixed mode windows-amd64 )
# Problematic frame:
# C  0x00000000731e7b25
#
# If you would like to submit a bug report, please visit:
#   http://java.sun.com/webapps/bugreport/crash.jsp
# The crash happened outside the Java Virtual Machine in native code.
# See problematic frame for where to report the bug.
#

---------------  T H R E A D  ---------------

Current thread (0x000000002b308800):  JavaThread "AWT-Windows" daemon [_thread_in_native, id=12012, stack(0x000000002c030000,0x000000002c0b0000)]

siginfo: ExceptionCode=0xc0000005, reading address 0x00000000c47fff4f

Registers:
EAX=0x00000000c47fff47, EBX=0x0000000000000000, ECX=0x000000002b1827e0, EDX=0x00000000732594f0
ESP=0x000000002c0aeb80, EBP=0x000000000000a220, ESI=0x000000000aea4310, EDI=0x0000000073150000
EIP=0x00000000731e7b25, EFLAGS=0x0000000000010202

Top of Stack: (sp=0x000000002c0aeb80)
0x000000002c0aeb80:   000000002b308800 0000000000000000
0x000000002c0aeb90:   0000000000000000 0000000073150000
0x000000002c0aeba0:   000000002b3089b8 00000000731ecf87
0x000000002c0aebb0:   000000002b3089b8 000000002b3089b8
0x000000002c0aebc0:   000000000aea4310 0000000000000111
0x000000002c0aebd0:   00007fff142db030 00007fff1982a95a
0x000000002c0aebe0:   0000000000110a1a 0000000000500000
0x000000002c0aebf0:   0000000000000000 000000002c0aecb9
0x000000002c0aec00:   0000000000000000 fffffffffffffffe
0x000000002c0aec10:   000000002b3089b8 0000000000000000
0x000000002c0aec20:   0000000000000000 00000000731df2d0
0x000000002c0aec30:   0000000000000111 0000000000000111
0x000000002c0aec40:   000000000000a220 0000000000000000
0x000000002c0aec50:   000000000aea4310 0000000073225b67
0x000000002c0aec60:   0000000000110a1a 0000000073235b9b
0x000000002c0aec70:   00000000126f7920 0000000000000000 

Instructions: (pc=0x00000000731e7b25)
0x00000000731e7b15:   e8 86 8d 03 00 48 85 c0 48 8b c8 74 06 48 8b 00
0x00000000731e7b25:   ff 50 08 b8 02 00 00 00 48 83 c4 20 5b c3 49 8b 


Stack: [0x000000002c030000,0x000000002c0b0000],  sp=0x000000002c0aeb80,  free space=506k
Native frames: (J=compiled Java code, j=interpreted, Vv=VM code, C=native code)
C  0x00000000731e7b25

[error occurred during error reporting (printing native stack), id 0xc0000005]

Java frames: (J=compiled Java code, j=interpreted, Vv=VM code)
j  sun.awt.windows.WToolkit.eventLoop()V+0
j  sun.awt.windows.WToolkit.run()V+69
j  java.lang.Thread.run()V+11
v  ~StubRoutines::call_stub

---------------  P R O C E S S  ---------------

Java Threads: ( => current thread )
  0x000000007a8db800 JavaThread "Image Fetcher 0" daemon [_thread_blocked, id=12800, stack(0x0000000021900000,0x0000000021980000)]
  0x000000007a8df000 JavaThread "Code Analyzer updating thread" [_thread_blocked, id=7872, stack(0x00000000102d0000,0x0000000010350000)]
  0x000000002b506000 JavaThread "Timer queue for AWT thread" daemon [_thread_blocked, id=15952, stack(0x0000000041d90000,0x0000000041e10000)]
  0x000000002b508800 JavaThread "Foxtrot Single Worker Thread #1" daemon [_thread_blocked, id=460, stack(0x0000000041090000,0x0000000041110000)]
  0x000000002b506800 JavaThread "Code Analyzer updating thread" [_thread_blocked, id=10776, stack(0x0000000072bd0000,0x0000000072c50000)]
  0x000000002b507800 JavaThread "Active Reference Queue Daemon" daemon [_thread_blocked, id=7416, stack(0x0000000073820000,0x00000000738a0000)]
  0x000000002a295800 JavaThread "Timer-9" daemon [_thread_blocked, id=11600, stack(0x00000000737a0000,0x0000000073820000)]
  0x000000002a299800 JavaThread "Timer-8" daemon [_thread_blocked, id=10664, stack(0x0000000073620000,0x00000000736a0000)]
  0x000000002a293000 JavaThread "RequestQueue for GenericFileList" [_thread_blocked, id=5696, stack(0x00000000733a0000,0x0000000073420000)]
  0x000000002a294800 JavaThread "Prefs Updater" daemon [_thread_blocked, id=7360, stack(0x0000000072750000,0x00000000727d0000)]
  0x000000002a297800 JavaThread "Timer-1" [_thread_blocked, id=8580, stack(0x0000000072650000,0x00000000726d0000)]
  0x000000002a294000 JavaThread "FelixPackageAdmin" daemon [_thread_blocked, id=10940, stack(0x0000000068300000,0x0000000068380000)]
  0x000000002a296800 JavaThread "FelixStartLevel" daemon [_thread_blocked, id=744, stack(0x0000000068280000,0x0000000068300000)]
  0x000000002a296000 JavaThread "FelixDispatchQueue" daemon [_thread_blocked, id=10692, stack(0x000000002c9d0000,0x000000002ca50000)]
  0x000000002b58c000 JavaThread "TimerQueue" daemon [_thread_blocked, id=3020, stack(0x000000002c7f0000,0x000000002c870000)]
  0x000000002b815800 JavaThread "AWT-EventQueue-0" [_thread_blocked, id=11236, stack(0x000000002c750000,0x000000002c7d0000)]
  0x000000002b0e8000 JavaThread "com.google.common.base.internal.Finalizer" daemon [_thread_blocked, id=9420, stack(0x000000002c5d0000,0x000000002c650000)]
  0x000000002b312800 JavaThread "AWT-Shutdown" [_thread_blocked, id=3860, stack(0x000000002c550000,0x000000002c5d0000)]
=>0x000000002b308800 JavaThread "AWT-Windows" daemon [_thread_in_native, id=12012, stack(0x000000002c030000,0x000000002c0b0000)]
  0x000000002b305000 JavaThread "Java2D Disposer" daemon [_thread_blocked, id=10040, stack(0x000000002bf30000,0x000000002bfb0000)]
  0x000000002ae7a000 JavaThread "Timer-0" [_thread_blocked, id=7748, stack(0x000000002bdb0000,0x000000002be30000)]
  0x000000002ad7e800 JavaThread "JMI Unnamed Thread" [_thread_in_native, id=9636, stack(0x0000000018b10000,0x000000001cb10000)]
  0x000000002a020000 JavaThread "Low Memory Detector" daemon [_thread_blocked, id=4372, stack(0x000000002a160000,0x000000002a1e0000)]
  0x000000002a019000 JavaThread "CompilerThread1" daemon [_thread_blocked, id=11184, stack(0x000000008bff0000,0x000000008fff0000)]
  0x000000002a018800 JavaThread "CompilerThread0" daemon [_thread_blocked, id=12148, stack(0x0000000087ff0000,0x000000008bff0000)]
  0x000000002a016800 JavaThread "Attach Listener" daemon [_thread_blocked, id=11340, stack(0x0000000028e60000,0x0000000028ee0000)]
  0x00000000146f7000 JavaThread "Finalizer" daemon [_thread_blocked, id=11512, stack(0x0000000028de0000,0x0000000028e60000)]
  0x0000000029fe4800 JavaThread "Reference Handler" daemon [_thread_blocked, id=3940, stack(0x0000000028d60000,0x0000000028de0000)]
  0x0000000014619800 JavaThread "main" [_thread_in_native, id=11820, stack(0x0000000000800000,0x0000000004800000)]

Other Threads:
  0x0000000029fe0800 VMThread [stack: 0x0000000083ff0000,0x0000000087ff0000] [id=12188]
  0x000000002a03e000 WatcherThread [stack: 0x000000008fff0000,0x0000000093ff0000] [id=1560]

VM state:not at safepoint (normal execution)

VM Mutex/Monitor currently owned by a thread: None

Heap
 PSYoungGen      total 13440K, used 5409K [0x000000005ce10000, 0x000000005de10000, 0x000000005ff10000)
  eden space 10496K, 42% used [0x000000005ce10000,0x000000005d25fa10,0x000000005d850000)
  from space 2944K, 33% used [0x000000005db30000,0x000000005dc28c90,0x000000005de10000)
  to   space 2944K, 0% used [0x000000005d850000,0x000000005d850000,0x000000005db30000)
 PSOldGen        total 82112K, used 68961K [0x0000000053b10000, 0x0000000058b40000, 0x000000005ce10000)
  object space 82112K, 83% used [0x0000000053b10000,0x0000000057e686a0,0x0000000058b40000)
 PSPermGen       total 80256K, used 65985K [0x000000004bb10000, 0x0000000050970000, 0x0000000053b10000)
  object space 80256K, 82% used [0x000000004bb10000,0x000000004fb806a0,0x0000000050970000)

Dynamic libraries:
0x00007ff74ec50000 - 0x00007ff74ec79000 	C:\Program Files\MATLAB\R2011c\bin\win64\MATLAB.exe
0x00007fff1b3b0000 - 0x00007fff1b571000 	C:\WINDOWS\SYSTEM32\ntdll.dll
0x00007fff19410000 - 0x00007fff194bd000 	C:\WINDOWS\system32\KERNEL32.DLL
0x00007fff182d0000 - 0x00007fff184b8000 	C:\WINDOWS\system32\KERNELBASE.dll
0x0000000074460000 - 0x0000000074563000 	C:\Program Files\MATLAB\R2011c\bin\win64\libut.dll
0x0000000073f70000 - 0x00000000740b5000 	C:\Program Files\MATLAB\R2011c\bin\win64\libmwfl.dll
0x00007fff199a0000 - 0x00007fff199a8000 	C:\WINDOWS\system32\PSAPI.DLL
0x00007fff18d50000 - 0x00007fff18df7000 	C:\WINDOWS\system32\ADVAPI32.dll
0x00007fff193f0000 - 0x00007fff1940c000 	C:\WINDOWS\system32\imagehlp.dll
0x00007fff192e0000 - 0x00007fff1937d000 	C:\WINDOWS\system32\msvcrt.dll
0x00007fff19740000 - 0x00007fff1979b000 	C:\WINDOWS\system32\sechost.dll
0x000000007bed0000 - 0x000000007c148000 	C:\Program Files\MATLAB\R2011c\bin\win64\libmwservices.dll
0x00007fff199b0000 - 0x00007fff19acc000 	C:\WINDOWS\system32\RPCRT4.dll
0x00007fff19800000 - 0x00007fff19956000 	C:\WINDOWS\system32\USER32.dll
0x0000000074970000 - 0x0000000074a41000 	C:\Program Files\MATLAB\R2011c\bin\win64\mcr.dll
0x00007fff18bb0000 - 0x00007fff18d36000 	C:\WINDOWS\system32\GDI32.dll
0x00007fff18a90000 - 0x00007fff18b9b000 	C:\WINDOWS\system32\COMDLG32.dll
0x00007fff194c0000 - 0x00007fff1973d000 	C:\WINDOWS\system32\combase.dll
0x0000000066d50000 - 0x0000000066e23000 	C:\WINDOWS\WinSxS\amd64_microsoft.vc90.crt_1fc8b3b9a1e18e3b_9.0.30729.9177_none_08e695a3a83b6ce3\MSVCP90.dll
0x00007fff184c0000 - 0x00007fff1852a000 	C:\WINDOWS\system32\bcryptPrimitives.dll
0x00007fff18160000 - 0x00007fff18215000 	C:\WINDOWS\system32\shcore.dll
0x00007fff197a0000 - 0x00007fff197f2000 	C:\WINDOWS\system32\SHLWAPI.dll
0x00007fff19c90000 - 0x00007fff1b1ec000 	C:\WINDOWS\system32\SHELL32.dll
0x0000000068410000 - 0x00000000684b3000 	C:\WINDOWS\WinSxS\amd64_microsoft.vc90.crt_1fc8b3b9a1e18e3b_9.0.30729.9177_none_08e695a3a83b6ce3\MSVCR90.dll
0x00007fff18220000 - 0x00007fff18263000 	C:\WINDOWS\system32\cfgmgr32.dll
0x00000000758a0000 - 0x0000000075944000 	C:\Program Files\MATLAB\R2011c\bin\win64\libmwi18n.dll
0x00007fff17b10000 - 0x00007fff18154000 	C:\WINDOWS\system32\windows.storage.dll
0x00007fff179d0000 - 0x00007fff179df000 	C:\WINDOWS\system32\kernel.appcore.dll
0x00007fff179f0000 - 0x00007fff17a3b000 	C:\WINDOWS\system32\powrprof.dll
0x00007fff17a40000 - 0x00007fff17a54000 	C:\WINDOWS\system32\profapi.dll
0x00007fff17a60000 - 0x00007fff17ae6000 	C:\WINDOWS\system32\FirewallAPI.dll
0x000000007a560000 - 0x000000007a569000 	C:\Program Files\MATLAB\R2011c\bin\win64\boost_system-vc90-mt-1_44.dll
0x00007fff17af0000 - 0x00007fff17b07000 	C:\WINDOWS\system32\NETAPI32.dll
0x00007fff19380000 - 0x00007fff193eb000 	C:\WINDOWS\system32\WS2_32.dll
0x00007fff19b40000 - 0x00007fff19c83000 	C:\WINDOWS\system32\ole32.dll
0x00007fff18810000 - 0x00007fff188d1000 	C:\WINDOWS\system32\OLEAUT32.dll
0x000000007a2d0000 - 0x000000007a2e2000 	C:\Program Files\MATLAB\R2011c\bin\win64\boost_thread-vc90-mt-1_44.dll
0x0000000066bd0000 - 0x0000000066d41000 	C:\Program Files\MATLAB\R2011c\bin\win64\icuuc44.dll
0x0000000066bb0000 - 0x0000000066bc3000 	C:\Program Files\MATLAB\R2011c\bin\win64\icuio44.dll
0x0000000180000000 - 0x0000000180046000 	C:\Program Files\MATLAB\R2011c\bin\win64\tbb.dll
0x0000000010a60000 - 0x0000000010a6b000 	C:\Program Files\MATLAB\R2011c\bin\win64\libmwresource_core.dll
0x000000007a350000 - 0x000000007a556000 	C:\Program Files\MATLAB\R2011c\bin\win64\libmwMATLAB_res.dll
0x00007fff03fb0000 - 0x00007fff0413c000 	C:\WINDOWS\SYSTEM32\dbghelp.dll
0x0000000010a90000 - 0x0000000010aa0000 	C:\Program Files\MATLAB\R2011c\bin\win64\boost_date_time-vc90-mt-1_44.dll
0x000000007a170000 - 0x000000007a19c000 	C:\Program Files\MATLAB\R2011c\bin\win64\boost_filesystem-vc90-mt-1_44.dll
0x000000007a250000 - 0x000000007a263000 	C:\Program Files\MATLAB\R2011c\bin\win64\boost_signals-vc90-mt-1_44.dll
0x0000000075a20000 - 0x0000000075ad5000 	C:\Program Files\MATLAB\R2011c\bin\win64\libmx.dll
0x0000000074330000 - 0x0000000074453000 	C:\Program Files\MATLAB\R2011c\bin\win64\libmwmathutil.dll
0x0000000075f10000 - 0x0000000075f5d000 	C:\Program Files\MATLAB\R2011c\bin\win64\mpath.dll
0x000000007b680000 - 0x000000007bb4d000 	C:\Program Files\MATLAB\R2011c\bin\win64\mlutil.dll
0x0000000010b20000 - 0x0000000010b36000 	C:\Program Files\MATLAB\R2011c\bin\win64\libmwsettings_res.dll
0x0000000010b40000 - 0x0000000010b87000 	C:\Program Files\MATLAB\R2011c\bin\win64\boost_serialization-vc90-mt-1_44.dll
0x00007fff142b0000 - 0x00007fff1435a000 	C:\WINDOWS\WinSxS\amd64_microsoft.windows.common-controls_6595b64144ccf1df_5.82.10586.0_none_396e892957c7fb25\COMCTL32.dll
0x000000007a010000 - 0x000000007a035000 	C:\Program Files\MATLAB\R2011c\bin\win64\LIBEXPAT.dll
0x00000000669b0000 - 0x0000000066ba1000 	C:\Program Files\MATLAB\R2011c\bin\win64\icuin44.dll
0x0000000010c80000 - 0x0000000011ac1000 	C:\Program Files\MATLAB\R2011c\bin\win64\icudt44.dll
0x000000007a210000 - 0x000000007a228000 	C:\Program Files\MATLAB\R2011c\bin\win64\zlib1.dll
0x0000000075000000 - 0x0000000075324000 	C:\Program Files\MATLAB\R2011c\bin\win64\iqm.dll
0x0000000079fb0000 - 0x0000000079fe5000 	C:\Program Files\MATLAB\R2011c\bin\win64\libmwbridge.dll
0x0000000066990000 - 0x00000000669a5000 	C:\Program Files\MATLAB\R2011c\bin\win64\libmex.dll
0x00000000668e0000 - 0x000000006698e000 	C:\Program Files\MATLAB\R2011c\bin\win64\m_dispatcher.dll
0x0000000066650000 - 0x00000000668d5000 	C:\Program Files\MATLAB\R2011c\bin\win64\mcos.dll
0x0000000066500000 - 0x0000000066647000 	C:\Program Files\MATLAB\R2011c\bin\win64\libmwgui.dll
0x0000000065b50000 - 0x0000000066500000 	C:\Program Files\MATLAB\R2011c\bin\win64\hg.dll
0x0000000065280000 - 0x0000000065379000 	C:\Program Files\MATLAB\R2011c\bin\win64\hgutils.dll
0x0000000065380000 - 0x0000000065b50000 	C:\Program Files\MATLAB\R2011c\bin\win64\m_interpreter.dll
0x0000000075710000 - 0x000000007579d000 	C:\Program Files\MATLAB\R2011c\bin\win64\jmi.dll
0x00000000651c0000 - 0x000000006527d000 	C:\Program Files\MATLAB\R2011c\bin\win64\udd_mi.dll
0x0000000011b80000 - 0x0000000011e49000 	C:\Program Files\MATLAB\R2011c\bin\win64\uiw.dll
0x0000000065190000 - 0x00000000651b1000 	C:\Program Files\MATLAB\R2011c\bin\win64\mwoles05.DLL
0x0000000065110000 - 0x0000000065185000 	C:\Program Files\MATLAB\R2011c\bin\win64\comcli.dll
0x0000000065100000 - 0x000000006510c000 	C:\Program Files\MATLAB\R2011c\bin\win64\mlautoregister.dll
0x0000000011e80000 - 0x0000000011e90000 	C:\Program Files\MATLAB\R2011c\bin\win64\boost_iostreams-vc90-mt-1_44.dll
0x0000000065080000 - 0x00000000650ff000 	C:\Program Files\MATLAB\R2011c\bin\win64\xmlcore.dll
0x000000007bc30000 - 0x000000007be83000 	C:\Program Files\MATLAB\R2011c\bin\win64\xerces-c_2_7.dll
0x0000000064fb0000 - 0x0000000065078000 	C:\Program Files\MATLAB\R2011c\bin\win64\udd.dll
0x0000000074880000 - 0x000000007496d000 	C:\Program Files\MATLAB\R2011c\bin\win64\boost_regex-vc90-mt-1_44.dll
0x0000000064f90000 - 0x0000000064fa7000 	C:\Program Files\MATLAB\R2011c\bin\win64\graphics_util.dll
0x0000000064d80000 - 0x0000000064f87000 	C:\Program Files\MATLAB\R2011c\bin\win64\hgdatatypes.dll
0x0000000010c00000 - 0x0000000010c0e000 	C:\Program Files\MATLAB\R2011c\bin\win64\nativejava_services.dll
0x0000000064cf0000 - 0x0000000064d74000 	C:\Program Files\MATLAB\R2011c\bin\win64\profiler.dll
0x0000000076100000 - 0x0000000076158000 	C:\Program Files\MATLAB\R2011c\bin\win64\libmat.dll
0x0000000079f40000 - 0x0000000079f73000 	C:\Program Files\MATLAB\R2011c\bin\win64\libmwmathrng.dll
0x0000000064cc0000 - 0x0000000064ce1000 	C:\Program Files\MATLAB\R2011c\bin\win64\m_pcodeio.dll
0x0000000079b10000 - 0x0000000079b77000 	C:\Program Files\MATLAB\R2011c\bin\win64\m_ir.dll
0x0000000064680000 - 0x0000000064cc0000 	C:\Program Files\MATLAB\R2011c\bin\win64\m_parser.dll
0x0000000064640000 - 0x0000000064671000 	C:\Program Files\MATLAB\R2011c\bin\win64\m_pcodegen.dll
0x00000000645f0000 - 0x0000000064633000 	C:\Program Files\MATLAB\R2011c\bin\win64\libmwhardcopy.dll
0x0000000064580000 - 0x00000000645e3000 	C:\Program Files\MATLAB\R2011c\bin\win64\libuij.dll
0x0000000076160000 - 0x00000000761cb000 	C:\Program Files\MATLAB\R2011c\bin\win64\libmwspmatrix.dll
0x00000000644f0000 - 0x0000000064572000 	C:\Program Files\MATLAB\R2011c\bin\win64\libmwlapack.dll
0x00007fff13b10000 - 0x00007fff13b94000 	C:\WINDOWS\SYSTEM32\WINSPOOL.DRV
0x0000000063fc0000 - 0x0000000063fcf000 	C:\Program Files\MATLAB\R2011c\bin\win64\uinone.dll
0x0000000063fd0000 - 0x0000000063fff000 	C:\WINDOWS\WinSxS\amd64_microsoft.vc90.atl_1fc8b3b9a1e18e3b_9.0.30729.6161_none_0a1fd3a3a768b895\ATL90.DLL
0x00007fff0cb30000 - 0x00007fff0cb4b000 	C:\WINDOWS\SYSTEM32\MPR.dll
0x0000000064000000 - 0x00000000644e4000 	C:\WINDOWS\WinSxS\amd64_microsoft.vc90.mfc_1fc8b3b9a1e18e3b_9.0.30729.6161_none_044aad0bab1eb146\mfc90.dll
0x00007fff144f0000 - 0x00007fff144fc000 	C:\WINDOWS\SYSTEM32\DAVHLPR.DLL
0x0000000072d30000 - 0x0000000072f44000 	C:\Program Files\MATLAB\R2011c\bin\win64\hdf5dll.dll
0x0000000074c10000 - 0x0000000074cea000 	C:\Program Files\MATLAB\R2011c\bin\win64\libmwmathcore.dll
0x0000000063fa0000 - 0x0000000063fba000 	C:\Program Files\MATLAB\R2011c\bin\win64\ir_xfmr.dll
0x0000000063f90000 - 0x0000000063f9c000 	C:\Program Files\MATLAB\R2011c\bin\win64\mtok.dll
0x0000000063f70000 - 0x0000000063f82000 	C:\Program Files\MATLAB\R2011c\bin\win64\libmwbinder.dll
0x0000000063f60000 - 0x0000000063f6b000 	C:\Program Files\MATLAB\R2011c\bin\win64\libmwompwrapper.dll
0x00007fff175d0000 - 0x00007fff175f9000 	C:\WINDOWS\SYSTEM32\bcrypt.dll
0x00007fff142a0000 - 0x00007fff142a7000 	C:\WINDOWS\SYSTEM32\MSIMG32.dll
0x0000000075ea0000 - 0x0000000075f02000 	C:\Program Files\MATLAB\R2011c\bin\win64\libmwcholmod.dll
0x0000000011fc0000 - 0x0000000011fcd000 	C:\Program Files\MATLAB\R2011c\bin\win64\libmwamd.dll
0x0000000011fe0000 - 0x0000000011fec000 	C:\Program Files\MATLAB\R2011c\bin\win64\libmwcolamd.dll
0x0000000063f40000 - 0x0000000063f59000 	C:\Program Files\MATLAB\R2011c\bin\win64\libmwblas.dll
0x00007fff19960000 - 0x00007fff1999b000 	C:\WINDOWS\system32\IMM32.DLL
0x00007fff150a0000 - 0x00007fff150c1000 	c:\PROGRA~1\BULLGU~1\BULLGU~1\BgAgent.dll
0x00007fff16750000 - 0x00007fff16782000 	C:\WINDOWS\SYSTEM32\fwbase.dll
0x00007fff16350000 - 0x00007fff163e6000 	C:\WINDOWS\system32\UxTheme.dll
0x00007fff14900000 - 0x00007fff14922000 	C:\WINDOWS\system32\dwmapi.dll
0x00000000120e0000 - 0x0000000012109000 	C:\Program Files\MATLAB\R2011c\bin\win64\tbbmalloc.dll
0x00007fff1b1f0000 - 0x00007fff1b34a000 	C:\WINDOWS\system32\MSCTF.dll
0x00007fff05620000 - 0x00007fff056c3000 	C:\Program Files\Common Files\microsoft shared\ink\tiptsf.dll
0x00007fff15400000 - 0x00007fff15438000 	C:\WINDOWS\SYSTEM32\iphlpapi.dll
0x00007fff16440000 - 0x00007fff164ea000 	C:\WINDOWS\SYSTEM32\DNSAPI.dll
0x00007fff18ba0000 - 0x00007fff18ba8000 	C:\WINDOWS\system32\NSI.dll
0x00007fff0f450000 - 0x00007fff0f466000 	C:\WINDOWS\SYSTEM32\dhcpcsvc6.DLL
0x00007fff0f430000 - 0x00007fff0f44a000 	C:\WINDOWS\SYSTEM32\dhcpcsvc.DLL
0x00007fff10570000 - 0x00007fff1057b000 	C:\WINDOWS\SYSTEM32\WINNSI.DLL
0x0000000012150000 - 0x0000000012153000 	C:\WINDOWS\SYSTEM32\icmp.Dll
0x00007fff18e00000 - 0x00007fff18ea7000 	C:\WINDOWS\system32\clbcatq.dll
0x00007fff03660000 - 0x00007fff037bc000 	C:\Windows\System32\uiautomationcore.dll
0x00007fff17190000 - 0x00007fff171af000 	C:\Windows\System32\USERENV.dll
0x00007fff17890000 - 0x00007fff17929000 	C:\WINDOWS\SYSTEM32\sxs.dll

VM Arguments:
jvm_args: -Xss512k -XX:PermSize=32m -Xms64m -XX:NewRatio=3 -XX:MaxPermSize=128m -Xmx196m -XX:MaxDirectMemorySize=2147400000 -Dsun.java2d.noddraw=true -Dsun.awt.nopixfmt=true -Xshare:off -Xrs -Dsun.awt.disableMixing=true -Djava.library.path=C:\Program Files\MATLAB\R2011c\bin\win64 vfprintf abort 
java_command: <unknown>
Launcher Type: generic

Environment Variables:
PATH=C:\Program Files (x86)\NVIDIA Corporation\PhysX\Common;C:\Perl64\site\bin;C:\Perl64\bin;C:\ProgramData\Oracle\Java\javapath;C:\Windows\system32;C:\Windows;C:\Windows\System32\Wbem;C:\Windows\System32\WindowsPowerShell\v1.0\;C:\Program Files\Hewlett-Packard\SimplePass\;C:\Program Files (x86)\ATI Technologies\ATI.ACE\Core-Static;C:\Program Files\MATLAB\R2011c\runtime\win64;C:\Program Files\MATLAB\R2011c\bin;C:\Program Files (x86)\Windows Kits\8.1\Windows Performance Toolkit\;C:\Program Files (x86)\Microsoft SDKs\TypeScript\1.0\;C:\Program Files\Microsoft SQL Server\110\Tools\Binn\;C:\Program Files\Microsoft SQL Server\120\Tools\Binn\;C:\Program Files\MiKTeX 2.9\miktex\bin\x64\;C:\Program Files (x86)\Windows Kits\8.0\Windows Performance Toolkit\;C:\Program Files (x86)\Git\cmd;C:\Leksah\bin\;C:\WINDOWS\system32;C:\WINDOWS;C:\WINDOWS\System32\Wbem;C:\WINDOWS\System32\WindowsPowerShell\v1.0\;C:\Program Files (x86)\gnuplot\bin;C:\Program Files (x86)\Skype\Phone\;C:\Users\Thorvald\AppData\Local\Programs\minghc-7.8.4-x86_64\switch;C:\Users\Thorvald\AppData\Local\Programs\minghc-7.8.4-x86_64\git-2.4.0.1\cmd;C:\Users\Thorvald\AppData\Local\Programs\minghc-7.8.4-x86_64\git-2.4.0.1\usr\bin;C:\Users\Thorvald\AppData\Local\Programs\minghc-7.8.4-x86_64\ghc-7.8.4\mingw\bin;C:\Users\Thorvald\AppData\Local\Programs\minghc-7.8.4-x86_64\ghc-7.8.4\bin;C:\Users\Thorvald\AppData\Local\Programs\minghc-7.8.4-x86_64\bin;C:\Users\Thorvald\AppData\Roaming\cabal\bin;
USERNAME=Thorvald
OS=Windows_NT
PROCESSOR_IDENTIFIER=AMD64 Family 21 Model 19 Stepping 1, AuthenticAMD



---------------  S Y S T E M  ---------------

OS: Windows NT 6.2 Build 9200 

CPU:total 4 (4 cores per cpu, 1 threads per core) family 21 model 19 stepping 1, cmov, cx8, fxsr, mmx, sse, sse2, sse3, ssse3, sse4.1, sse4.2, mmxext, sse4a

Memory: 4k page, physical 11735924k(5906108k free), swap 13505396k(6600948k free)

vm_info: Java HotSpot(TM) 64-Bit Server VM (14.3-b01) for windows-amd64 JRE (1.6.0_17-b04), built on Oct 11 2009 00:46:08 by "java_re" with MS VC++ 8.0

time: Mon Jul 04 17:58:35 2016
elapsed time: 23413 seconds

