This is pdfTeX, Version 3.1415926-2.5-1.40.14 (MiKTeX 2.9 64-bit) (preloaded format=pdflatex 2014.12.15)  23 JAN 2017 09:57
entering extended mode
**verslag2.tex
(C:\Users\Thorvald\Dropbox\Masterproef\Hyperspectral\verslag2.tex
LaTeX2e <2011/06/27>
Babel <v3.8m> and hyphenation patterns for english, afrikaans, ancientgreek, ar
abic, armenian, assamese, basque, bengali, bokmal, bulgarian, catalan, coptic, 
croatian, czech, danish, dutch, esperanto, estonian, farsi, finnish, french, ga
lician, german, german-x-2013-05-26, greek, gujarati, hindi, hungarian, iceland
ic, indonesian, interlingua, irish, italian, kannada, kurmanji, latin, latvian,
 lithuanian, malayalam, marathi, mongolian, mongolianlmc, monogreek, ngerman, n
german-x-2013-05-26, nynorsk, oriya, panjabi, pinyin, polish, portuguese, roman
ian, russian, sanskrit, serbian, slovak, slovenian, spanish, swedish, swissgerm
an, tamil, telugu, turkish, turkmen, ukenglish, ukrainian, uppersorbian, usengl
ishmax, welsh, loaded.
("C:\Program Files\MiKTeX 2.9\tex\latex\base\report.cls"
Document Class: report 2007/10/19 v1.4h Standard LaTeX document class
("C:\Program Files\MiKTeX 2.9\tex\latex\base\size12.clo"
File: size12.clo 2007/10/19 v1.4h Standard LaTeX file (size option)
)
\c@part=\count79
\c@chapter=\count80
\c@section=\count81
\c@subsection=\count82
\c@subsubsection=\count83
\c@paragraph=\count84
\c@subparagraph=\count85
\c@figure=\count86
\c@table=\count87
\abovecaptionskip=\skip41
\belowcaptionskip=\skip42
\bibindent=\dimen102
)
("C:\Program Files\MiKTeX 2.9\tex\generic\babel\babel.sty"
Package: babel 2008/07/08 v3.8m The Babel package

*************************************
* Local config file bblopts.cfg used
*
("C:\Program Files\MiKTeX 2.9\tex\latex\00miktex\bblopts.cfg"
File: bblopts.cfg 2006/07/31 v1.0 MiKTeX 'babel' configuration
)
("C:\Program Files\MiKTeX 2.9\tex\generic\babel\dutch.ldf"
Language: dutch 2005/03/30 v3.8i Dutch support from the babel system

("C:\Program Files\MiKTeX 2.9\tex\generic\babel\babel.def"
File: babel.def 2008/07/08 v3.8m Babel common definitions
\babel@savecnt=\count88
\U@D=\dimen103
)
Package babel Info: Making " an active character on input line 132.
))
("C:\Program Files\MiKTeX 2.9\tex\latex\titlesec\titlesec.sty"
Package: titlesec 2011/12/15 v2.10.0 Sectioning titles
\ttl@box=\box26
\beforetitleunit=\skip43
\aftertitleunit=\skip44
\ttl@plus=\dimen104
\ttl@minus=\dimen105
\ttl@toksa=\toks14
\titlewidth=\dimen106
\titlewidthlast=\dimen107
\titlewidthfirst=\dimen108
)
("C:\Program Files\MiKTeX 2.9\tex\latex\footmisc\footmisc.sty"
Package: footmisc 2011/06/06 v5.5b a miscellany of footnote facilities
\FN@temptoken=\toks15
\footnotemargin=\dimen109
\c@pp@next@reset=\count89
Package footmisc Info: Declaring symbol style bringhurst on input line 855.
Package footmisc Info: Declaring symbol style chicago on input line 863.
Package footmisc Info: Declaring symbol style wiley on input line 872.
Package footmisc Info: Declaring symbol style lamport-robust on input line 883.

Package footmisc Info: Declaring symbol style lamport* on input line 903.
Package footmisc Info: Declaring symbol style lamport*-robust on input line 924
.
)
("C:\Program Files\MiKTeX 2.9\tex\latex\graphics\graphicx.sty"
Package: graphicx 1999/02/16 v1.0f Enhanced LaTeX Graphics (DPC,SPQR)

("C:\Program Files\MiKTeX 2.9\tex\latex\graphics\keyval.sty"
Package: keyval 1999/03/16 v1.13 key=value parser (DPC)
\KV@toks@=\toks16
)
("C:\Program Files\MiKTeX 2.9\tex\latex\graphics\graphics.sty"
Package: graphics 2009/02/05 v1.0o Standard LaTeX Graphics (DPC,SPQR)

("C:\Program Files\MiKTeX 2.9\tex\latex\graphics\trig.sty"
Package: trig 1999/03/16 v1.09 sin cos tan (DPC)
)
("C:\Program Files\MiKTeX 2.9\tex\latex\00miktex\graphics.cfg"
File: graphics.cfg 2007/01/18 v1.5 graphics configuration of teTeX/TeXLive
)
Package graphics Info: Driver file: pdftex.def on input line 91.

("C:\Program Files\MiKTeX 2.9\tex\latex\pdftex-def\pdftex.def"
File: pdftex.def 2011/05/27 v0.06d Graphics/color for pdfTeX

("C:\Program Files\MiKTeX 2.9\tex\generic\oberdiek\infwarerr.sty"
Package: infwarerr 2010/04/08 v1.3 Providing info/warning/error messages (HO)
)
("C:\Program Files\MiKTeX 2.9\tex\generic\oberdiek\ltxcmds.sty"
Package: ltxcmds 2011/11/09 v1.22 LaTeX kernel commands for general use (HO)
)
\Gread@gobject=\count90
))
\Gin@req@height=\dimen110
\Gin@req@width=\dimen111
)
("C:\Program Files\MiKTeX 2.9\tex\latex\titlesec\titleps.sty"
Package: titleps 2011/12/15 v1.1.0 Page styles

("C:\Program Files\MiKTeX 2.9\tex\latex\titlesec\ttlps.def"
File: ttlps.def 2011/12/15
))
("C:\Program Files\MiKTeX 2.9\tex\latex\amsfonts\amssymb.sty"
Package: amssymb 2013/01/14 v3.01 AMS font symbols

("C:\Program Files\MiKTeX 2.9\tex\latex\amsfonts\amsfonts.sty"
Package: amsfonts 2013/01/14 v3.01 Basic AMSFonts support
\@emptytoks=\toks17
\symAMSa=\mathgroup4
\symAMSb=\mathgroup5
LaTeX Font Info:    Overwriting math alphabet `\mathfrak' in version `bold'
(Font)                  U/euf/m/n --> U/euf/b/n on input line 106.
))
("C:\Program Files\MiKTeX 2.9\tex\latex\amsmath\amsmath.sty"
Package: amsmath 2013/01/14 v2.14 AMS math features
\@mathmargin=\skip45

For additional information on amsmath, use the `?' option.
("C:\Program Files\MiKTeX 2.9\tex\latex\amsmath\amstext.sty"
Package: amstext 2000/06/29 v2.01

("C:\Program Files\MiKTeX 2.9\tex\latex\amsmath\amsgen.sty"
File: amsgen.sty 1999/11/30 v2.0
\@emptytoks=\toks18
\ex@=\dimen112
))
("C:\Program Files\MiKTeX 2.9\tex\latex\amsmath\amsbsy.sty"
Package: amsbsy 1999/11/29 v1.2d
\pmbraise@=\dimen113
)
("C:\Program Files\MiKTeX 2.9\tex\latex\amsmath\amsopn.sty"
Package: amsopn 1999/12/14 v2.01 operator names
)
\inf@bad=\count91
LaTeX Info: Redefining \frac on input line 210.
\uproot@=\count92
\leftroot@=\count93
LaTeX Info: Redefining \overline on input line 306.
\classnum@=\count94
\DOTSCASE@=\count95
LaTeX Info: Redefining \ldots on input line 378.
LaTeX Info: Redefining \dots on input line 381.
LaTeX Info: Redefining \cdots on input line 466.
\Mathstrutbox@=\box27
\strutbox@=\box28
\big@size=\dimen114
LaTeX Font Info:    Redeclaring font encoding OML on input line 566.
LaTeX Font Info:    Redeclaring font encoding OMS on input line 567.
\macc@depth=\count96
\c@MaxMatrixCols=\count97
\dotsspace@=\muskip10
\c@parentequation=\count98
\dspbrk@lvl=\count99
\tag@help=\toks19
\row@=\count100
\column@=\count101
\maxfields@=\count102
\andhelp@=\toks20
\eqnshift@=\dimen115
\alignsep@=\dimen116
\tagshift@=\dimen117
\tagwidth@=\dimen118
\totwidth@=\dimen119
\lineht@=\dimen120
\@envbody=\toks21
\multlinegap=\skip46
\multlinetaggap=\skip47
\mathdisplay@stack=\toks22
LaTeX Info: Redefining \[ on input line 2665.
LaTeX Info: Redefining \] on input line 2666.
)
("C:\Program Files\MiKTeX 2.9\tex\latex\amscls\amsthm.sty"
Package: amsthm 2004/08/06 v2.20
\thm@style=\toks23
\thm@bodyfont=\toks24
\thm@headfont=\toks25
\thm@notefont=\toks26
\thm@headpunct=\toks27
\thm@preskip=\skip48
\thm@postskip=\skip49
\thm@headsep=\skip50
\dth@everypar=\toks28
)
("C:\Program Files\MiKTeX 2.9\tex\latex\tools\verbatim.sty"
Package: verbatim 2003/08/22 v1.5q LaTeX2e package for verbatim enhancements
\every@verbatim=\toks29
\verbatim@line=\toks30
\verbatim@in@stream=\read1
)
("C:\Program Files\MiKTeX 2.9\tex\latex\titling\titling.sty"
Package: titling 2009/09/04 v2.1d maketitle typesetting
\thanksmarkwidth=\skip51
\thanksmargin=\skip52
\droptitle=\skip53
)
("C:\Program Files\MiKTeX 2.9\tex\latex\appendix\appendix.sty"
Package: appendix 2009/09/02 v1.2b extra appendix facilities
\c@@pps=\count103
\c@@ppsavesec=\count104
\c@@ppsaveapp=\count105
)
("C:\Program Files\MiKTeX 2.9\tex\latex\tools\bm.sty"
Package: bm 2004/02/26 v1.1c Bold Symbol Support (DPC/FMi)
\symboldoperators=\mathgroup6
\symboldletters=\mathgroup7
\symboldsymbols=\mathgroup8
LaTeX Font Info:    Redeclaring math alphabet \mathbf on input line 138.
LaTeX Info: Redefining \bm on input line 204.
)
("C:\Program Files\MiKTeX 2.9\tex\latex\fancyhdr\fancyhdr.sty"
\fancy@headwidth=\skip54
\f@ncyO@elh=\skip55
\f@ncyO@erh=\skip56
\f@ncyO@olh=\skip57
\f@ncyO@orh=\skip58
\f@ncyO@elf=\skip59
\f@ncyO@erf=\skip60
\f@ncyO@olf=\skip61
\f@ncyO@orf=\skip62
)

Package Fancyhdr Warning: \fancyhfoffset's `E' option without twoside option is
 useless on input line 37.

("C:\Program Files\MiKTeX 2.9\tex\latex\geometry\geometry.sty"
Package: geometry 2010/09/12 v5.6 Page Geometry

("C:\Program Files\MiKTeX 2.9\tex\generic\oberdiek\ifpdf.sty"
Package: ifpdf 2011/01/30 v2.3 Provides the ifpdf switch (HO)
Package ifpdf Info: pdfTeX in PDF mode is detected.
)
("C:\Program Files\MiKTeX 2.9\tex\generic\oberdiek\ifvtex.sty"
Package: ifvtex 2010/03/01 v1.5 Detect VTeX and its facilities (HO)
Package ifvtex Info: VTeX not detected.
)
("C:\Program Files\MiKTeX 2.9\tex\generic\ifxetex\ifxetex.sty"
Package: ifxetex 2010/09/12 v0.6 Provides ifxetex conditional
)
\Gm@cnth=\count106
\Gm@cntv=\count107
\c@Gm@tempcnt=\count108
\Gm@bindingoffset=\dimen121
\Gm@wd@mp=\dimen122
\Gm@odd@mp=\dimen123
\Gm@even@mp=\dimen124
\Gm@layoutwidth=\dimen125
\Gm@layoutheight=\dimen126
\Gm@layouthoffset=\dimen127
\Gm@layoutvoffset=\dimen128
\Gm@dimlist=\toks31

("C:\Program Files\MiKTeX 2.9\tex\latex\geometry\geometry.cfg"))
("C:\Program Files\MiKTeX 2.9\tex\latex\float\float.sty"
Package: float 2001/11/08 v1.3d Float enhancements (AL)
\c@float@type=\count109
\float@exts=\toks32
\float@box=\box29
\@float@everytoks=\toks33
\@floatcapt=\box30
)
("C:\Program Files\MiKTeX 2.9\tex\latex\natbib\natbib.sty"
Package: natbib 2010/09/13 8.31b (PWD, AO)
\bibhang=\skip63
\bibsep=\skip64
LaTeX Info: Redefining \cite on input line 694.
\c@NAT@ctr=\count110
)
("C:\Program Files\MiKTeX 2.9\tex\latex\natbib\bibentry.sty"
Package: bibentry 2007/10/30 1.5 (PWD)
)
(C:\Users\Thorvald\Dropbox\Masterproef\Hyperspectral\verslag2.bbl)
(C:\Users\Thorvald\Dropbox\Masterproef\Hyperspectral\verslag2.aux

LaTeX Warning: Label `eq:Pi' multiply defined.


LaTeX Warning: Label `eq:Pi' multiply defined.

)
LaTeX Font Info:    Checking defaults for OML/cmm/m/it on input line 58.
LaTeX Font Info:    ... okay on input line 58.
LaTeX Font Info:    Checking defaults for T1/cmr/m/n on input line 58.
LaTeX Font Info:    ... okay on input line 58.
LaTeX Font Info:    Checking defaults for OT1/cmr/m/n on input line 58.
LaTeX Font Info:    ... okay on input line 58.
LaTeX Font Info:    Checking defaults for OMS/cmsy/m/n on input line 58.
LaTeX Font Info:    ... okay on input line 58.
LaTeX Font Info:    Checking defaults for OMX/cmex/m/n on input line 58.
LaTeX Font Info:    ... okay on input line 58.
LaTeX Font Info:    Checking defaults for U/cmr/m/n on input line 58.
LaTeX Font Info:    ... okay on input line 58.
 ("C:\Program Files\MiKTeX 2.9\tex\context\base\supp-pdf.mkii"
[Loading MPS to PDF converter (version 2006.09.02).]
\scratchcounter=\count111
\scratchdimen=\dimen129
\scratchbox=\box31
\nofMPsegments=\count112
\nofMParguments=\count113
\everyMPshowfont=\toks34
\MPscratchCnt=\count114
\MPscratchDim=\dimen130
\MPnumerator=\count115
\makeMPintoPDFobject=\count116
\everyMPtoPDFconversion=\toks35
)
*geometry* driver: auto-detecting
*geometry* detected driver: pdftex
*geometry* verbose mode - [ preamble ] result:
* driver: pdftex
* paper: <default>
* layout: <same size as paper>
* layoutoffset:(h,v)=(0.0pt,0.0pt)
* modes: 
* h-part:(L,W,R)=(72.26999pt, 469.75502pt, 72.26999pt)
* v-part:(T,H,B)=(72.26999pt, 650.43001pt, 72.26999pt)
* \paperwidth=614.295pt
* \paperheight=794.96999pt
* \textwidth=469.75502pt
* \textheight=650.43001pt
* \oddsidemargin=0.0pt
* \evensidemargin=0.0pt
* \topmargin=-37.0pt
* \headheight=12.0pt
* \headsep=25.0pt
* \topskip=12.0pt
* \footskip=30.0pt
* \marginparwidth=44.0pt
* \marginparsep=10.0pt
* \columnsep=10.0pt
* \skip\footins=10.8pt plus 4.0pt minus 2.0pt
* \hoffset=0.0pt
* \voffset=0.0pt
* \mag=1000
* \@twocolumnfalse
* \@twosidefalse
* \@mparswitchfalse
* \@reversemarginfalse
* (1in=72.27pt=25.4mm, 1cm=28.453pt)

LaTeX Font Info:    Try loading font information for U+msa on input line 93.
("C:\Program Files\MiKTeX 2.9\tex\latex\amsfonts\umsa.fd"
File: umsa.fd 2013/01/14 v3.01 AMS symbols A
)
LaTeX Font Info:    Try loading font information for U+msb on input line 93.

("C:\Program Files\MiKTeX 2.9\tex\latex\amsfonts\umsb.fd"
File: umsb.fd 2013/01/14 v3.01 AMS symbols B
)
<download.jpg, id=1, 148.555pt x 127.47626pt>
File: download.jpg Graphic file (type jpg)
 <use download.jpg>
Package pdftex.def Info: download.jpg used on input line 119.
(pdftex.def)             Requested size: 132.6374pt x 113.81102pt.

<vlabsym.png, id=2, 88.07906pt x 96.36pt>
File: vlabsym.png Graphic file (type png)
 <use vlabsym.png>
Package pdftex.def Info: vlabsym.png used on input line 121.
(pdftex.def)             Requested size: 104.03047pt x 113.81102pt.
 [1

{C:/ProgramData/MiKTeX/2.9/pdftex/config/pdftex.map} <C:/Users/Thorvald/Dropbox
/Masterproef/Hyperspectral/download.jpg> <C:/Users/Thorvald/Dropbox/Masterproef
/Hyperspectral/vlabsym.png>] (C:\Users\Thorvald\Dropbox\Masterproef\Hyperspectr
al\verslag2.toc
[1

])
\tf@toc=\write3


Package Fancyhdr Warning: \headheight is too small (12.0pt): 
 Make it at least 14.49998pt.
 We now make it that large for the rest of the document.
 This may cause the page layout to be inconsistent, however.

[2] [3

] [4

]
Hoofdstuk 1.
[5

] [6] [7]
Hoofdstuk 2.
[8

] [9] [10] [11] [12]

Package natbib Warning: Citation `MATLAB:2010' on page 13 undefined on input li
ne 397.


Package natbib Warning: Citation `MATLAB:2010' on page 13 undefined on input li
ne 397.


Package natbib Warning: Citation `MATLAB:2010' undefined on input line 397.

[13] [14]
Hoofdstuk 3.
[15

] [16] [17]
LaTeX Font Info:    Try loading font information for OMS+cmr on input line 488.

 ("C:\Program Files\MiKTeX 2.9\tex\latex\base\omscmr.fd"
File: omscmr.fd 1999/05/25 v2.5h Standard LaTeX font definitions
)
LaTeX Font Info:    Font shape `OMS/cmr/m/n' in size <12> not available
(Font)              Font shape `OMS/cmsy/m/n' tried instead on input line 488.

<export_PMC_10_100_corr.pdf, id=82, 614.295pt x 794.97pt>
File: export_PMC_10_100_corr.pdf Graphic file (type pdf)

<use export_PMC_10_100_corr.pdf>
Package pdftex.def Info: export_PMC_10_100_corr.pdf used on input line 496.
(pdftex.def)             Requested size: 230.18253pt x 156.83932pt.

<export_PMC_10_100_PP.pdf, id=83, 614.295pt x 794.97pt>
File: export_PMC_10_100_PP.pdf Graphic file (type pdf)

<use export_PMC_10_100_PP.pdf>
Package pdftex.def Info: export_PMC_10_100_PP.pdf used on input line 497.
(pdftex.def)             Requested size: 230.18253pt x 156.83932pt.

<export_PMC_10_100_E.pdf, id=84, 614.295pt x 794.97pt>
File: export_PMC_10_100_E.pdf Graphic file (type pdf)

<use export_PMC_10_100_E.pdf>
Package pdftex.def Info: export_PMC_10_100_E.pdf used on input line 498.
(pdftex.def)             Requested size: 230.18253pt x 156.83932pt.

<export_PMC_10_100_El.pdf, id=85, 614.295pt x 794.97pt>
File: export_PMC_10_100_El.pdf Graphic file (type pdf)

<use export_PMC_10_100_El.pdf>
Package pdftex.def Info: export_PMC_10_100_El.pdf used on input line 499.
(pdftex.def)             Requested size: 230.18253pt x 156.83932pt.

<export_PMC_10_100_Elog.pdf, id=86, 614.295pt x 794.97pt>
File: export_PMC_10_100_Elog.pdf Graphic file (type pdf)

<use export_PMC_10_100_Elog.pdf>
Package pdftex.def Info: export_PMC_10_100_Elog.pdf used on input line 500.
(pdftex.def)             Requested size: 230.18253pt x 156.83932pt.

<export_PMC_10_100_EPlog.pdf, id=87, 614.295pt x 794.97pt>
File: export_PMC_10_100_EPlog.pdf Graphic file (type pdf)

<use export_PMC_10_100_EPlog.pdf>
Package pdftex.def Info: export_PMC_10_100_EPlog.pdf used on input line 501.
(pdftex.def)             Requested size: 230.18253pt x 156.83932pt.

Underfull \hbox (badness 2181) in paragraph at lines 496--502
[][] []
 []


Underfull \hbox (badness 2181) in paragraph at lines 496--502
[] []
 []

<export_PMC_10_100_angle.pdf, id=88, 614.295pt x 794.97pt>
File: export_PMC_10_100_angle.pdf Graphic file (type pdf)

<use export_PMC_10_100_angle.pdf>
Package pdftex.def Info: export_PMC_10_100_angle.pdf used on input line 507.
(pdftex.def)             Requested size: 230.18253pt x 156.83932pt.
 [18] [19 <C:/Users/Thorvald/Dropbox/Masterproef/Hyperspectral/export_PMC_10_10
0_corr.pdf> <C:/Users/Thorvald/Dropbox/Masterproef/Hyperspectral/export_PMC_10_
100_PP.pdf> <C:/Users/Thorvald/Dropbox/Masterproef/Hyperspectral/export_PMC_10_
100_E.pdf> <C:/Users/Thorvald/Dropbox/Masterproef/Hyperspectral/export_PMC_10_1
00_El.pdf> <C:/Users/Thorvald/Dropbox/Masterproef/Hyperspectral/export_PMC_10_1
00_Elog.pdf> <C:/Users/Thorvald/Dropbox/Masterproef/Hyperspectral/export_PMC_10
_100_EPlog.pdf>] [20 <C:/Users/Thorvald/Dropbox/Masterproef/Hyperspectral/expor
t_PMC_10_100_angle.pdf>]
<exp_runtime.pdf, id=131, 614.295pt x 794.97pt>
File: exp_runtime.pdf Graphic file (type pdf)
 <use exp_runtime.pdf>
Package pdftex.def Info: exp_runtime.pdf used on input line 549.
(pdftex.def)             Requested size: 371.1033pt x 252.86406pt.

<exp_runtime_honest.pdf, id=132, 614.295pt x 794.97pt>
File: exp_runtime_honest.pdf Graphic file (type pdf)

<use exp_runtime_honest.pdf>
Package pdftex.def Info: exp_runtime_honest.pdf used on input line 550.
(pdftex.def)             Requested size: 371.1033pt x 252.86406pt.

Underfull \hbox (badness 10000) in paragraph at lines 549--551
[][]
 []

<exp_errors.pdf, id=133, 614.295pt x 794.97pt>
File: exp_errors.pdf Graphic file (type pdf)
 <use exp_errors.pdf>
Package pdftex.def Info: exp_errors.pdf used on input line 555.
(pdftex.def)             Requested size: 371.1033pt x 252.86406pt.

<Relative_Error.pdf, id=134, 614.295pt x 794.97pt>
File: Relative_Error.pdf Graphic file (type pdf)
 <use Relative_Error.pdf>
Package pdftex.def Info: Relative_Error.pdf used on input line 560.
(pdftex.def)             Requested size: 230.18253pt x 156.83932pt.

<P.pdf, id=135, 614.295pt x 794.97pt>
File: P.pdf Graphic file (type pdf)
 <use P.pdf>
Package pdftex.def Info: P.pdf used on input line 561.
(pdftex.def)             Requested size: 230.18253pt x 156.83932pt.
 [21] [22 <C:/Users/Thorvald/Dropbox/Masterproef/Hyperspectral/exp_runtime.pdf>
 <C:/Users/Thorvald/Dropbox/Masterproef/Hyperspectral/exp_runtime_honest.pdf>] 
[23 <C:/Users/Thorvald/Dropbox/Masterproef/Hyperspectral/exp_errors.pdf> <C:/Us
ers/Thorvald/Dropbox/Masterproef/Hyperspectral/Relative_Error.pdf> <C:/Users/Th
orvald/Dropbox/Masterproef/Hyperspectral/P.pdf>]
Hoofdstuk 4.
[24

]
Hoofdstuk 5.
<semilinMESMA.pdf, id=172, 614.295pt x 794.97pt>
File: semilinMESMA.pdf Graphic file (type pdf)
 <use semilinMESMA.pdf>
Package pdftex.def Info: semilinMESMA.pdf used on input line 681.
(pdftex.def)             Requested size: 465.06004pt x 316.87842pt.

<linMESMA.pdf, id=173, 614.295pt x 794.97pt>
File: linMESMA.pdf Graphic file (type pdf)
 <use linMESMA.pdf>
Package pdftex.def Info: linMESMA.pdf used on input line 686.
(pdftex.def)             Requested size: 465.06004pt x 316.87842pt.
 [25

] [26 <C:/Users/Thorvald/Dropbox/Masterproef/Hyperspectral/semilinMESMA.pdf>] [
27 <C:/Users/Thorvald/Dropbox/Masterproef/Hyperspectral/linMESMA.pdf>] [28


]
(C:\Users\Thorvald\Dropbox\Masterproef\Hyperspectral\verslag2.bbl [29])

Package natbib Warning: There were undefined citations.

[30

] (C:\Users\Thorvald\Dropbox\Masterproef\Hyperspectral\verslag2.aux)

LaTeX Warning: There were multiply-defined labels.

 ) 
Here is how much of TeX's memory you used:
 4413 strings out of 493921
 57268 string characters out of 3147272
 132611 words of memory out of 3000000
 7591 multiletter control sequences out of 15000+200000
 21600 words of font info for 79 fonts, out of 3000000 for 9000
 841 hyphenation exceptions out of 8191
 31i,11n,48p,1137b,369s stack positions out of 5000i,500n,10000p,200000b,50000s
<C:/Program Files/MiKTeX 2.9/fonts/type1/public/amsfonts/cm/cmbx10.pfb><C:/Pr
ogram Files/MiKTeX 2.9/fonts/type1/public/amsfonts/cm/cmbx12.pfb><C:/Program Fi
les/MiKTeX 2.9/fonts/type1/public/amsfonts/cm/cmbx7.pfb><C:/Program Files/MiKTe
X 2.9/fonts/type1/public/amsfonts/cm/cmbx8.pfb><C:/Program Files/MiKTeX 2.9/fon
ts/type1/public/amsfonts/cm/cmcsc10.pfb><C:/Program Files/MiKTeX 2.9/fonts/type
1/public/amsfonts/cm/cmex10.pfb><C:/Program Files/MiKTeX 2.9/fonts/type1/public
/amsfonts/cm/cmmi12.pfb><C:/Program Files/MiKTeX 2.9/fonts/type1/public/amsfont
s/cm/cmmi6.pfb><C:/Program Files/MiKTeX 2.9/fonts/type1/public/amsfonts/cm/cmmi
8.pfb><C:/Program Files/MiKTeX 2.9/fonts/type1/public/amsfonts/cm/cmmib10.pfb><
C:/Program Files/MiKTeX 2.9/fonts/type1/public/amsfonts/cm/cmr10.pfb><C:/Progra
m Files/MiKTeX 2.9/fonts/type1/public/amsfonts/cm/cmr12.pfb><C:/Program Files/M
iKTeX 2.9/fonts/type1/public/amsfonts/cm/cmr17.pfb><C:/Program Files/MiKTeX 2.9
/fonts/type1/public/amsfonts/cm/cmr6.pfb><C:/Program Files/MiKTeX 2.9/fonts/typ
e1/public/amsfonts/cm/cmr7.pfb><C:/Program Files/MiKTeX 2.9/fonts/type1/public/
amsfonts/cm/cmr8.pfb><C:/Program Files/MiKTeX 2.9/fonts/type1/public/amsfonts/c
m/cmsy10.pfb><C:/Program Files/MiKTeX 2.9/fonts/type1/public/amsfonts/cm/cmsy8.
pfb><C:/Program Files/MiKTeX 2.9/fonts/type1/public/amsfonts/cm/cmti10.pfb><C:/
Program Files/MiKTeX 2.9/fonts/type1/public/amsfonts/cm/cmti12.pfb><C:/Program 
Files/MiKTeX 2.9/fonts/type1/public/amsfonts/cm/cmtt12.pfb>
Output written on verslag2.pdf (31 pages, 498650 bytes).
PDF statistics:
 310 PDF objects out of 1000 (max. 8388607)
 0 named destinations out of 1000 (max. 500000)
 81 words of extra memory for PDF output out of 10000 (max. 10000000)

