This is pdfTeX, Version 3.1415926-2.5-1.40.14 (MiKTeX 2.9 64-bit) (preloaded format=pdflatex 2014.12.15)  25 MAY 2017 18:49
entering extended mode
**verslag3.tex
(C:\Users\Thorvald\Dropbox\Masterproef\Hyperspectral\verslag3.tex
LaTeX2e <2011/06/27>
Babel <v3.8m> and hyphenation patterns for english, afrikaans, ancientgreek, ar
abic, armenian, assamese, basque, bengali, bokmal, bulgarian, catalan, coptic, 
croatian, czech, danish, dutch, esperanto, estonian, farsi, finnish, french, ga
lician, german, german-x-2013-05-26, greek, gujarati, hindi, hungarian, iceland
ic, indonesian, interlingua, irish, italian, kannada, kurmanji, latin, latvian,
 lithuanian, malayalam, marathi, mongolian, mongolianlmc, monogreek, ngerman, n
german-x-2013-05-26, nynorsk, oriya, panjabi, pinyin, polish, portuguese, roman
ian, russian, sanskrit, serbian, slovak, slovenian, spanish, swedish, swissgerm
an, tamil, telugu, turkish, turkmen, ukenglish, ukrainian, uppersorbian, usengl
ishmax, welsh, loaded.
("C:\Program Files\MiKTeX 2.9\tex\latex\base\report.cls"
Document Class: report 2007/10/19 v1.4h Standard LaTeX document class
("C:\Program Files\MiKTeX 2.9\tex\latex\base\size12.clo"
File: size12.clo 2007/10/19 v1.4h Standard LaTeX file (size option)
)
\c@part=\count79
\c@chapter=\count80
\c@section=\count81
\c@subsection=\count82
\c@subsubsection=\count83
\c@paragraph=\count84
\c@subparagraph=\count85
\c@figure=\count86
\c@table=\count87
\abovecaptionskip=\skip41
\belowcaptionskip=\skip42
\bibindent=\dimen102
)
("C:\Program Files\MiKTeX 2.9\tex\generic\babel\babel.sty"
Package: babel 2008/07/08 v3.8m The Babel package

*************************************
* Local config file bblopts.cfg used
*
("C:\Program Files\MiKTeX 2.9\tex\latex\00miktex\bblopts.cfg"
File: bblopts.cfg 2006/07/31 v1.0 MiKTeX 'babel' configuration
)
("C:\Program Files\MiKTeX 2.9\tex\generic\babel\dutch.ldf"
Language: dutch 2005/03/30 v3.8i Dutch support from the babel system

("C:\Program Files\MiKTeX 2.9\tex\generic\babel\babel.def"
File: babel.def 2008/07/08 v3.8m Babel common definitions
\babel@savecnt=\count88
\U@D=\dimen103
)
Package babel Info: Making " an active character on input line 132.
))
("C:\Program Files\MiKTeX 2.9\tex\latex\titlesec\titlesec.sty"
Package: titlesec 2011/12/15 v2.10.0 Sectioning titles
\ttl@box=\box26
\beforetitleunit=\skip43
\aftertitleunit=\skip44
\ttl@plus=\dimen104
\ttl@minus=\dimen105
\ttl@toksa=\toks14
\titlewidth=\dimen106
\titlewidthlast=\dimen107
\titlewidthfirst=\dimen108
)
("C:\Program Files\MiKTeX 2.9\tex\latex\footmisc\footmisc.sty"
Package: footmisc 2011/06/06 v5.5b a miscellany of footnote facilities
\FN@temptoken=\toks15
\footnotemargin=\dimen109
\c@pp@next@reset=\count89
Package footmisc Info: Declaring symbol style bringhurst on input line 855.
Package footmisc Info: Declaring symbol style chicago on input line 863.
Package footmisc Info: Declaring symbol style wiley on input line 872.
Package footmisc Info: Declaring symbol style lamport-robust on input line 883.

Package footmisc Info: Declaring symbol style lamport* on input line 903.
Package footmisc Info: Declaring symbol style lamport*-robust on input line 924
.
)
("C:\Program Files\MiKTeX 2.9\tex\latex\graphics\graphicx.sty"
Package: graphicx 1999/02/16 v1.0f Enhanced LaTeX Graphics (DPC,SPQR)

("C:\Program Files\MiKTeX 2.9\tex\latex\graphics\keyval.sty"
Package: keyval 1999/03/16 v1.13 key=value parser (DPC)
\KV@toks@=\toks16
)
("C:\Program Files\MiKTeX 2.9\tex\latex\graphics\graphics.sty"
Package: graphics 2009/02/05 v1.0o Standard LaTeX Graphics (DPC,SPQR)

("C:\Program Files\MiKTeX 2.9\tex\latex\graphics\trig.sty"
Package: trig 1999/03/16 v1.09 sin cos tan (DPC)
)
("C:\Program Files\MiKTeX 2.9\tex\latex\00miktex\graphics.cfg"
File: graphics.cfg 2007/01/18 v1.5 graphics configuration of teTeX/TeXLive
)
Package graphics Info: Driver file: pdftex.def on input line 91.

("C:\Program Files\MiKTeX 2.9\tex\latex\pdftex-def\pdftex.def"
File: pdftex.def 2011/05/27 v0.06d Graphics/color for pdfTeX

("C:\Program Files\MiKTeX 2.9\tex\generic\oberdiek\infwarerr.sty"
Package: infwarerr 2010/04/08 v1.3 Providing info/warning/error messages (HO)
)
("C:\Program Files\MiKTeX 2.9\tex\generic\oberdiek\ltxcmds.sty"
Package: ltxcmds 2011/11/09 v1.22 LaTeX kernel commands for general use (HO)
)
\Gread@gobject=\count90
))
\Gin@req@height=\dimen110
\Gin@req@width=\dimen111
)
("C:\Program Files\MiKTeX 2.9\tex\latex\titlesec\titleps.sty"
Package: titleps 2011/12/15 v1.1.0 Page styles

("C:\Program Files\MiKTeX 2.9\tex\latex\titlesec\ttlps.def"
File: ttlps.def 2011/12/15
))
("C:\Program Files\MiKTeX 2.9\tex\latex\amsfonts\amssymb.sty"
Package: amssymb 2013/01/14 v3.01 AMS font symbols

("C:\Program Files\MiKTeX 2.9\tex\latex\amsfonts\amsfonts.sty"
Package: amsfonts 2013/01/14 v3.01 Basic AMSFonts support
\@emptytoks=\toks17
\symAMSa=\mathgroup4
\symAMSb=\mathgroup5
LaTeX Font Info:    Overwriting math alphabet `\mathfrak' in version `bold'
(Font)                  U/euf/m/n --> U/euf/b/n on input line 106.
))
("C:\Program Files\MiKTeX 2.9\tex\latex\amsmath\amsmath.sty"
Package: amsmath 2013/01/14 v2.14 AMS math features
\@mathmargin=\skip45

For additional information on amsmath, use the `?' option.
("C:\Program Files\MiKTeX 2.9\tex\latex\amsmath\amstext.sty"
Package: amstext 2000/06/29 v2.01

("C:\Program Files\MiKTeX 2.9\tex\latex\amsmath\amsgen.sty"
File: amsgen.sty 1999/11/30 v2.0
\@emptytoks=\toks18
\ex@=\dimen112
))
("C:\Program Files\MiKTeX 2.9\tex\latex\amsmath\amsbsy.sty"
Package: amsbsy 1999/11/29 v1.2d
\pmbraise@=\dimen113
)
("C:\Program Files\MiKTeX 2.9\tex\latex\amsmath\amsopn.sty"
Package: amsopn 1999/12/14 v2.01 operator names
)
\inf@bad=\count91
LaTeX Info: Redefining \frac on input line 210.
\uproot@=\count92
\leftroot@=\count93
LaTeX Info: Redefining \overline on input line 306.
\classnum@=\count94
\DOTSCASE@=\count95
LaTeX Info: Redefining \ldots on input line 378.
LaTeX Info: Redefining \dots on input line 381.
LaTeX Info: Redefining \cdots on input line 466.
\Mathstrutbox@=\box27
\strutbox@=\box28
\big@size=\dimen114
LaTeX Font Info:    Redeclaring font encoding OML on input line 566.
LaTeX Font Info:    Redeclaring font encoding OMS on input line 567.
\macc@depth=\count96
\c@MaxMatrixCols=\count97
\dotsspace@=\muskip10
\c@parentequation=\count98
\dspbrk@lvl=\count99
\tag@help=\toks19
\row@=\count100
\column@=\count101
\maxfields@=\count102
\andhelp@=\toks20
\eqnshift@=\dimen115
\alignsep@=\dimen116
\tagshift@=\dimen117
\tagwidth@=\dimen118
\totwidth@=\dimen119
\lineht@=\dimen120
\@envbody=\toks21
\multlinegap=\skip46
\multlinetaggap=\skip47
\mathdisplay@stack=\toks22
LaTeX Info: Redefining \[ on input line 2665.
LaTeX Info: Redefining \] on input line 2666.
)
("C:\Program Files\MiKTeX 2.9\tex\latex\amscls\amsthm.sty"
Package: amsthm 2004/08/06 v2.20
\thm@style=\toks23
\thm@bodyfont=\toks24
\thm@headfont=\toks25
\thm@notefont=\toks26
\thm@headpunct=\toks27
\thm@preskip=\skip48
\thm@postskip=\skip49
\thm@headsep=\skip50
\dth@everypar=\toks28
)
("C:\Program Files\MiKTeX 2.9\tex\latex\tools\verbatim.sty"
Package: verbatim 2003/08/22 v1.5q LaTeX2e package for verbatim enhancements
\every@verbatim=\toks29
\verbatim@line=\toks30
\verbatim@in@stream=\read1
)
("C:\Program Files\MiKTeX 2.9\tex\latex\titling\titling.sty"
Package: titling 2009/09/04 v2.1d maketitle typesetting
\thanksmarkwidth=\skip51
\thanksmargin=\skip52
\droptitle=\skip53
)
("C:\Program Files\MiKTeX 2.9\tex\latex\appendix\appendix.sty"
Package: appendix 2009/09/02 v1.2b extra appendix facilities
\c@@pps=\count103
\c@@ppsavesec=\count104
\c@@ppsaveapp=\count105
)
("C:\Program Files\MiKTeX 2.9\tex\latex\tools\bm.sty"
Package: bm 2004/02/26 v1.1c Bold Symbol Support (DPC/FMi)
\symboldoperators=\mathgroup6
\symboldletters=\mathgroup7
\symboldsymbols=\mathgroup8
LaTeX Font Info:    Redeclaring math alphabet \mathbf on input line 138.
LaTeX Info: Redefining \bm on input line 204.
)
("C:\Program Files\MiKTeX 2.9\tex\latex\wrapfig\wrapfig.sty"
\wrapoverhang=\dimen121
\WF@size=\dimen122
\c@WF@wrappedlines=\count106
\WF@box=\box29
\WF@everypar=\toks31
Package: wrapfig 2003/01/31  v 3.6
)
("C:\Program Files\MiKTeX 2.9\tex\latex\caption\subcaption.sty"
Package: subcaption 2013/02/03 v1.1-62 Sub-captions (AR)

("C:\Program Files\MiKTeX 2.9\tex\latex\caption\caption.sty"
Package: caption 2013/05/02 v3.3-89 Customizing captions (AR)

("C:\Program Files\MiKTeX 2.9\tex\latex\caption\caption3.sty"
Package: caption3 2013/05/02 v1.6-88 caption3 kernel (AR)
Package caption3 Info: TeX engine: e-TeX on input line 57.
\captionmargin=\dimen123
\captionmargin@=\dimen124
\captionwidth=\dimen125
\caption@tempdima=\dimen126
\caption@indent=\dimen127
\caption@parindent=\dimen128
\caption@hangindent=\dimen129
)
\c@ContinuedFloat=\count107
Package caption Info: wrapfig package is loaded.
)
\c@subfigure=\count108
\c@subtable=\count109
)
("C:\Program Files\MiKTeX 2.9\tex\latex\algorithms\algorithm.sty"
Package: algorithm 2009/08/24 v0.1 Document Style `algorithm' - floating enviro
nment

("C:\Program Files\MiKTeX 2.9\tex\latex\float\float.sty"
Package: float 2001/11/08 v1.3d Float enhancements (AL)
\c@float@type=\count110
\float@exts=\toks32
\float@box=\box30
\@float@everytoks=\toks33
\@floatcapt=\box31
)
("C:\Program Files\MiKTeX 2.9\tex\latex\base\ifthen.sty"
Package: ifthen 2001/05/26 v1.1c Standard LaTeX ifthen package (DPC)
)
\@float@every@algorithm=\toks34
\c@algorithm=\count111
)
("C:\Program Files\MiKTeX 2.9\tex\latex\algorithmicx\algpseudocode.sty"
Package: algpseudocode 

("C:\Program Files\MiKTeX 2.9\tex\latex\algorithmicx\algorithmicx.sty"
Package: algorithmicx 2005/04/27 v1.2 Algorithmicx

Document Style algorithmicx 1.2 - a greatly improved `algorithmic' style
\c@ALG@line=\count112
\c@ALG@rem=\count113
\c@ALG@nested=\count114
\ALG@tlm=\skip54
\ALG@thistlm=\skip55
\c@ALG@Lnr=\count115
\c@ALG@blocknr=\count116
\c@ALG@storecount=\count117
\c@ALG@tmpcounter=\count118
\ALG@tmplength=\skip56
)
Document Style - pseudocode environments for use with the `algorithmicx' style
) ("C:\Program Files\MiKTeX 2.9\tex\latex\fancyhdr\fancyhdr.sty"
\fancy@headwidth=\skip57
\f@ncyO@elh=\skip58
\f@ncyO@erh=\skip59
\f@ncyO@olh=\skip60
\f@ncyO@orh=\skip61
\f@ncyO@elf=\skip62
\f@ncyO@erf=\skip63
\f@ncyO@olf=\skip64
\f@ncyO@orf=\skip65
)

Package Fancyhdr Warning: \fancyhfoffset's `E' option without twoside option is
 useless on input line 46.

("C:\Program Files\MiKTeX 2.9\tex\latex\geometry\geometry.sty"
Package: geometry 2010/09/12 v5.6 Page Geometry

("C:\Program Files\MiKTeX 2.9\tex\generic\oberdiek\ifpdf.sty"
Package: ifpdf 2011/01/30 v2.3 Provides the ifpdf switch (HO)
Package ifpdf Info: pdfTeX in PDF mode is detected.
)
("C:\Program Files\MiKTeX 2.9\tex\generic\oberdiek\ifvtex.sty"
Package: ifvtex 2010/03/01 v1.5 Detect VTeX and its facilities (HO)
Package ifvtex Info: VTeX not detected.
)
("C:\Program Files\MiKTeX 2.9\tex\generic\ifxetex\ifxetex.sty"
Package: ifxetex 2010/09/12 v0.6 Provides ifxetex conditional
)
\Gm@cnth=\count119
\Gm@cntv=\count120
\c@Gm@tempcnt=\count121
\Gm@bindingoffset=\dimen130
\Gm@wd@mp=\dimen131
\Gm@odd@mp=\dimen132
\Gm@even@mp=\dimen133
\Gm@layoutwidth=\dimen134
\Gm@layoutheight=\dimen135
\Gm@layouthoffset=\dimen136
\Gm@layoutvoffset=\dimen137
\Gm@dimlist=\toks35

("C:\Program Files\MiKTeX 2.9\tex\latex\geometry\geometry.cfg"))
("C:\Program Files\MiKTeX 2.9\tex\latex\natbib\natbib.sty"
Package: natbib 2010/09/13 8.31b (PWD, AO)
\bibhang=\skip66
\bibsep=\skip67
LaTeX Info: Redefining \cite on input line 694.
\c@NAT@ctr=\count122
)
("C:\Program Files\MiKTeX 2.9\tex\latex\natbib\bibentry.sty"
Package: bibentry 2007/10/30 1.5 (PWD)
)
(C:\Users\Thorvald\Dropbox\Masterproef\Hyperspectral\verslag3.bbl)
(C:\Users\Thorvald\Dropbox\Masterproef\Hyperspectral\verslag3.aux)
LaTeX Font Info:    Checking defaults for OML/cmm/m/it on input line 78.
LaTeX Font Info:    ... okay on input line 78.
LaTeX Font Info:    Checking defaults for T1/cmr/m/n on input line 78.
LaTeX Font Info:    ... okay on input line 78.
LaTeX Font Info:    Checking defaults for OT1/cmr/m/n on input line 78.
LaTeX Font Info:    ... okay on input line 78.
LaTeX Font Info:    Checking defaults for OMS/cmsy/m/n on input line 78.
LaTeX Font Info:    ... okay on input line 78.
LaTeX Font Info:    Checking defaults for OMX/cmex/m/n on input line 78.
LaTeX Font Info:    ... okay on input line 78.
LaTeX Font Info:    Checking defaults for U/cmr/m/n on input line 78.
LaTeX Font Info:    ... okay on input line 78.

("C:\Program Files\MiKTeX 2.9\tex\context\base\supp-pdf.mkii"
[Loading MPS to PDF converter (version 2006.09.02).]
\scratchcounter=\count123
\scratchdimen=\dimen138
\scratchbox=\box32
\nofMPsegments=\count124
\nofMParguments=\count125
\everyMPshowfont=\toks36
\MPscratchCnt=\count126
\MPscratchDim=\dimen139
\MPnumerator=\count127
\makeMPintoPDFobject=\count128
\everyMPtoPDFconversion=\toks37
)
Package caption Info: Begin \AtBeginDocument code.
Package caption Info: float package is loaded.
Package caption Info: End \AtBeginDocument code.

*geometry* driver: auto-detecting
*geometry* detected driver: pdftex
*geometry* verbose mode - [ preamble ] result:
* driver: pdftex
* paper: <default>
* layout: <same size as paper>
* layoutoffset:(h,v)=(0.0pt,0.0pt)
* modes: 
* h-part:(L,W,R)=(72.26999pt, 469.75502pt, 72.26999pt)
* v-part:(T,H,B)=(72.26999pt, 650.43001pt, 72.26999pt)
* \paperwidth=614.295pt
* \paperheight=794.96999pt
* \textwidth=469.75502pt
* \textheight=650.43001pt
* \oddsidemargin=0.0pt
* \evensidemargin=0.0pt
* \topmargin=-37.0pt
* \headheight=12.0pt
* \headsep=25.0pt
* \topskip=12.0pt
* \footskip=30.0pt
* \marginparwidth=44.0pt
* \marginparsep=10.0pt
* \columnsep=10.0pt
* \skip\footins=10.8pt plus 4.0pt minus 2.0pt
* \hoffset=0.0pt
* \voffset=0.0pt
* \mag=1000
* \@twocolumnfalse
* \@twosidefalse
* \@mparswitchfalse
* \@reversemarginfalse
* (1in=72.27pt=25.4mm, 1cm=28.453pt)

LaTeX Font Info:    Try loading font information for U+msa on input line 113.
("C:\Program Files\MiKTeX 2.9\tex\latex\amsfonts\umsa.fd"
File: umsa.fd 2013/01/14 v3.01 AMS symbols A
)
LaTeX Font Info:    Try loading font information for U+msb on input line 113.

("C:\Program Files\MiKTeX 2.9\tex\latex\amsfonts\umsb.fd"
File: umsb.fd 2013/01/14 v3.01 AMS symbols B
)
<download.jpg, id=1, 148.555pt x 127.47626pt>
File: download.jpg Graphic file (type jpg)
 <use download.jpg>
Package pdftex.def Info: download.jpg used on input line 139.
(pdftex.def)             Requested size: 132.6374pt x 113.81102pt.

<vlabsym.png, id=2, 88.07906pt x 96.36pt>
File: vlabsym.png Graphic file (type png)
 <use vlabsym.png>
Package pdftex.def Info: vlabsym.png used on input line 141.
(pdftex.def)             Requested size: 104.03047pt x 113.81102pt.
 [1

{C:/ProgramData/MiKTeX/2.9/pdftex/config/pdftex.map} <C:/Users/Thorvald/Dropbox
/Masterproef/Hyperspectral/download.jpg> <C:/Users/Thorvald/Dropbox/Masterproef
/Hyperspectral/vlabsym.png>] [1

] [2

]

Package Fancyhdr Warning: \headheight is too small (12.0pt): 
 Make it at least 14.49998pt.
 We now make it that large for the rest of the document.
 This may cause the page layout to be inconsistent, however.

[3] (C:\Users\Thorvald\Dropbox\Masterproef\Hyperspectral\verslag3.toc [4

])
\tf@toc=\write3

[5] <rs.PNG, id=29, 279.29344pt x 228.855pt>
File: rs.PNG Graphic file (type png)
 <use rs.PNG>
Package pdftex.def Info: rs.PNG used on input line 197.
(pdftex.def)             Requested size: 187.89914pt x 153.97108pt.
LaTeX Font Info:    Try loading font information for OT1+phv on input line 212.


("C:\Program Files\MiKTeX 2.9\tex\latex\psnfss\ot1phv.fd"
File: ot1phv.fd 2001/06/04 scalable font definitions for OT1/phv.
)
LaTeX Font Info:    Font shape `OT1/phv/m/it' in size <12> not available
(Font)              Font shape `OT1/phv/m/sl' tried instead on input line 212.
LaTeX Font Info:    Font shape `OT1/phv/bx/it' in size <12> not available
(Font)              Font shape `OT1/phv/b/it' tried instead on input line 212.
LaTeX Font Info:    Font shape `OT1/phv/b/it' in size <12> not available
(Font)              Font shape `OT1/phv/b/sl' tried instead on input line 212.
 [6

 <C:/Users/Thorvald/Dropbox/Masterproef/Hyperspectral/rs.PNG>]
<golflengte.PNG, id=40, 313.17pt x 241.65282pt>
File: golflengte.PNG Graphic file (type png)
 <use golflengte.PNG>
Package pdftex.def Info: golflengte.PNG used on input line 222.
(pdftex.def)             Requested size: 140.92793pt x 108.74644pt.

<spec.PNG, id=41, 268.75406pt x 361.35pt>
File: spec.PNG Graphic file (type png)
 <use spec.PNG>
Package pdftex.def Info: spec.PNG used on input line 226.
(pdftex.def)             Requested size: 93.94957pt x 126.32pt.

<spec2.PNG, id=42, 296.60812pt x 232.61906pt>
File: spec2.PNG Graphic file (type png)
 <use spec2.PNG>
Package pdftex.def Info: spec2.PNG used on input line 230.
(pdftex.def)             Requested size: 187.89914pt x 147.36716pt.
 [7 <C:/Users/Thorvald/Dropbox/Masterproef/Hyperspectral/golflengte.PNG> <C:/Us
ers/Thorvald/Dropbox/Masterproef/Hyperspectral/spec.PNG> <C:/Users/Thorvald/Dro
pbox/Masterproef/Hyperspectral/spec2.PNG>] [8] <hyp.PNG, id=56, 454.69875pt x 3
56.0803pt>
File: hyp.PNG Graphic file (type png)

<use hyp.PNG>
Package pdftex.def Info: hyp.PNG used on input line 276.
(pdftex.def)             Requested size: 469.75502pt x 367.87521pt.
 [9 <C:/Users/Thorvald/Dropbox/Masterproef/Hyperspectral/hyp.PNG>]
Hoofdstuk 1.
[10

] [11] <nonneg.PNG, id=68, 435.12563pt x 112.92188pt>
File: nonneg.PNG Graphic file (type png)
 <use nonneg.PNG>
Package pdftex.def Info: nonneg.PNG used on input line 374.
(pdftex.def)             Requested size: 469.75502pt x 121.91588pt.

[12] [13 <C:/Users/Thorvald/Dropbox/Masterproef/Hyperspectral/nonneg.PNG>]
[14] [15

]
Hoofdstuk 2.
[16

] <multi.PNG, id=90, 297.36093pt x 198.7425pt>
File: multi.PNG Graphic file (type png)
 <use multi.PNG>
Package pdftex.def Info: multi.PNG used on input line 463.
(pdftex.def)             Requested size: 187.89914pt x 125.58144pt.
 [17 <C:/Users/Thorvald/Dropbox/Masterproef/Hyperspectral/multi.PNG>] [18] [19]
 [20]
Hoofdstuk 3.
[21

] [22] [23] <AAMProj.PNG, id=118, 377.91188pt x 212.29312pt>
File: AAMProj.PNG Graphic file (type png)

<use AAMProj.PNG>
Package pdftex.def Info: AAMProj.PNG used on input line 652.
(pdftex.def)             Requested size: 234.8775pt x 131.9443pt.
 [24 <C:/Users/Thorvald/Dropbox/Masterproef/Hyperspectral/AAMProj.PNG>] [25]
Hoofdstuk 4.
[26

] [27] <PMC_10_100_E.pdf, id=133, 614.295pt x 794.97pt>
File: PMC_10_100_E.pdf Graphic file (type pdf)

<use PMC_10_100_E.pdf>
Package pdftex.def Info: PMC_10_100_E.pdf used on input line 782.
(pdftex.def)             Requested size: 234.8775pt x 160.03908pt.

Underfull \hbox (badness 1117) in paragraph at lines 784--784
\OT1/cmr/m/n/10.95 li-ne-aire mo-del in func-tie van de $\OML/cmm/m/it/10.95 P$

 []

<PMC_10_100_El.pdf, id=134, 614.295pt x 794.97pt>
File: PMC_10_100_El.pdf Graphic file (type pdf)
 <use PMC_10_100_El.pdf>
Package pdftex.def Info: PMC_10_100_El.pdf used on input line 788.
(pdftex.def)             Requested size: 234.8775pt x 160.03908pt.

<PMC_10_100_Elog.pdf, id=135, 614.295pt x 794.97pt>
File: PMC_10_100_Elog.pdf Graphic file (type pdf)
 <use PMC_10_100_Elog.pdf>
Package pdftex.def Info: PMC_10_100_Elog.pdf used on input line 792.
(pdftex.def)             Requested size: 234.8775pt x 160.03908pt.

Underfull \hbox (badness 1117) in paragraph at lines 794--794
\OT1/cmr/m/n/10.95 li-ne-aire mo-del in func-tie van de $\OML/cmm/m/it/10.95 P$

 []

<PMC_10_100_EPlog.pdf, id=136, 614.295pt x 794.97pt>
File: PMC_10_100_EPlog.pdf Graphic file (type pdf)

<use PMC_10_100_EPlog.pdf>
Package pdftex.def Info: PMC_10_100_EPlog.pdf used on input line 797.
(pdftex.def)             Requested size: 234.8775pt x 160.03908pt.

Overfull \hbox (2.61107pt too wide) in paragraph at lines 781--801
[][] []
 []


Overfull \hbox (2.61107pt too wide) in paragraph at lines 781--801
[] [] 
 []

<PMC_10_100_corr.pdf, id=137, 614.295pt x 794.97pt>
File: PMC_10_100_corr.pdf Graphic file (type pdf)
 <use PMC_10_100_corr.pdf>
Package pdftex.def Info: PMC_10_100_corr.pdf used on input line 807.
(pdftex.def)             Requested size: 234.8775pt x 160.03908pt.

<PMC_10_100_PP.pdf, id=138, 614.295pt x 794.97pt>
File: PMC_10_100_PP.pdf Graphic file (type pdf)
 <use PMC_10_100_PP.pdf>
Package pdftex.def Info: PMC_10_100_PP.pdf used on input line 812.
(pdftex.def)             Requested size: 234.8775pt x 160.03908pt.

<PMC_10_100_angle.pdf, id=139, 614.295pt x 794.97pt>
File: PMC_10_100_angle.pdf Graphic file (type pdf)

<use PMC_10_100_angle.pdf>
Package pdftex.def Info: PMC_10_100_angle.pdf used on input line 817.
(pdftex.def)             Requested size: 234.8775pt x 160.03908pt.

Overfull \hbox (2.61107pt too wide) in paragraph at lines 806--821
[][] []
 []

[28] [29 <C:/Users/Thorvald/Dropbox/Masterproef/Hyperspectral/PMC_10_100_E.pdf>
 <C:/Users/Thorvald/Dropbox/Masterproef/Hyperspectral/PMC_10_100_El.pdf> <C:/Us
ers/Thorvald/Dropbox/Masterproef/Hyperspectral/PMC_10_100_Elog.pdf> <C:/Users/T
horvald/Dropbox/Masterproef/Hyperspectral/PMC_10_100_EPlog.pdf>] [30 <C:/Users/
Thorvald/Dropbox/Masterproef/Hyperspectral/PMC_10_100_corr.pdf> <C:/Users/Thorv
ald/Dropbox/Masterproef/Hyperspectral/PMC_10_100_PP.pdf> <C:/Users/Thorvald/Dro
pbox/Masterproef/Hyperspectral/PMC_10_100_angle.pdf>]
Overfull \hbox (13.1173pt too wide) in paragraph at lines 851--852
\OT1/cmr/m/n/12 Figuur 4.1[] be-schrijft de reconstructie-error. De fi-gu-ren 4
.1a[] en 4.1b[] be-schrij-ven de reconstructie-
 []

[31] <PMC_AAM_10_100_E.pdf, id=186, 614.295pt x 794.97pt>
File: PMC_AAM_10_100_E.pdf Graphic file (type pdf)

<use PMC_AAM_10_100_E.pdf>
Package pdftex.def Info: PMC_AAM_10_100_E.pdf used on input line 875.
(pdftex.def)             Requested size: 234.8775pt x 160.03908pt.

<PMC_AAM_10_100_El.pdf, id=187, 614.295pt x 794.97pt>
File: PMC_AAM_10_100_El.pdf Graphic file (type pdf)

<use PMC_AAM_10_100_El.pdf>
Package pdftex.def Info: PMC_AAM_10_100_El.pdf used on input line 880.
(pdftex.def)             Requested size: 234.8775pt x 160.03908pt.

<PMC_AAM_10_100_Elog.pdf, id=188, 614.295pt x 794.97pt>
File: PMC_AAM_10_100_Elog.pdf Graphic file (type pdf)

<use PMC_AAM_10_100_Elog.pdf>
Package pdftex.def Info: PMC_AAM_10_100_Elog.pdf used on input line 885.
(pdftex.def)             Requested size: 234.8775pt x 160.03908pt.

<PMC_AAM_10_100_EPlog.pdf, id=189, 614.295pt x 794.97pt>
File: PMC_AAM_10_100_EPlog.pdf Graphic file (type pdf)

<use PMC_AAM_10_100_EPlog.pdf>
Package pdftex.def Info: PMC_AAM_10_100_EPlog.pdf used on input line 890.
(pdftex.def)             Requested size: 234.8775pt x 160.03908pt.

Overfull \hbox (2.61107pt too wide) in paragraph at lines 874--894
[][] []
 []


Overfull \hbox (2.61107pt too wide) in paragraph at lines 874--894
[] [] 
 []

<PMC_AAM_10_100_corr.pdf, id=190, 614.295pt x 794.97pt>
File: PMC_AAM_10_100_corr.pdf Graphic file (type pdf)

<use PMC_AAM_10_100_corr.pdf>
Package pdftex.def Info: PMC_AAM_10_100_corr.pdf used on input line 900.
(pdftex.def)             Requested size: 234.8775pt x 160.03908pt.

<PMC_AAM_10_100_PP.pdf, id=191, 614.295pt x 794.97pt>
File: PMC_AAM_10_100_PP.pdf Graphic file (type pdf)

<use PMC_AAM_10_100_PP.pdf>
Package pdftex.def Info: PMC_AAM_10_100_PP.pdf used on input line 905.
(pdftex.def)             Requested size: 234.8775pt x 160.03908pt.

<PMC_AAM_10_100_angle.pdf, id=192, 614.295pt x 794.97pt>
File: PMC_AAM_10_100_angle.pdf Graphic file (type pdf)

<use PMC_AAM_10_100_angle.pdf>
Package pdftex.def Info: PMC_AAM_10_100_angle.pdf used on input line 910.
(pdftex.def)             Requested size: 234.8775pt x 160.03908pt.

Overfull \hbox (2.61107pt too wide) in paragraph at lines 899--914
[][] []
 []

[32] [33 <C:/Users/Thorvald/Dropbox/Masterproef/Hyperspectral/PMC_AAM_10_100_E.
pdf> <C:/Users/Thorvald/Dropbox/Masterproef/Hyperspectral/PMC_AAM_10_100_El.pdf
> <C:/Users/Thorvald/Dropbox/Masterproef/Hyperspectral/PMC_AAM_10_100_Elog.pdf>
 <C:/Users/Thorvald/Dropbox/Masterproef/Hyperspectral/PMC_AAM_10_100_EPlog.pdf>
] [34 <C:/Users/Thorvald/Dropbox/Masterproef/Hyperspectral/PMC_AAM_10_100_corr.
pdf> <C:/Users/Thorvald/Dropbox/Masterproef/Hyperspectral/PMC_AAM_10_100_PP.pdf
> <C:/Users/Thorvald/Dropbox/Masterproef/Hyperspectral/PMC_AAM_10_100_angle.pdf
>] [35]
Hoofdstuk 5.
[36

] <semilinMESMA.pdf, id=242, 614.295pt x 794.97pt>
File: semilinMESMA.pdf Graphic file (type pdf)
 <use semilinMESMA.pdf>
Package pdftex.def Info: semilinMESMA.pdf used on input line 1193.
(pdftex.def)             Requested size: 465.06004pt x 316.87842pt.

<linMESMA.pdf, id=243, 614.295pt x 794.97pt>
File: linMESMA.pdf Graphic file (type pdf)
 <use linMESMA.pdf>
Package pdftex.def Info: linMESMA.pdf used on input line 1198.
(pdftex.def)             Requested size: 465.06004pt x 316.87842pt.
 [37] [38]
[39] [40 <C:/Users/Thorvald/Dropbox/Masterproef/Hyperspectral/semilinMESMA.pdf>
] [41 <C:/Users/Thorvald/Dropbox/Masterproef/Hyperspectral/linMESMA.pdf>]
[42] (C:\Users\Thorvald\Dropbox\Masterproef\Hyperspectral\verslag3.bbl [43]
[44] [45

] [46]) [47]
(C:\Users\Thorvald\Dropbox\Masterproef\Hyperspectral\verslag3.aux) ) 
Here is how much of TeX's memory you used:
 6365 strings out of 493921
 89253 string characters out of 3147272
 194875 words of memory out of 3000000
 9498 multiletter control sequences out of 15000+200000
 27722 words of font info for 95 fonts, out of 3000000 for 9000
 841 hyphenation exceptions out of 8191
 42i,13n,48p,1132b,548s stack positions out of 5000i,500n,10000p,200000b,50000s
{C:/Program
 Files/MiKTeX 2.9/fonts/enc/dvips/fontname/8r.enc}<C:/Program Files/MiKTeX 2.9/
fonts/type1/public/amsfonts/cm/cmbx12.pfb><C:/Program Files/MiKTeX 2.9/fonts/ty
pe1/public/amsfonts/cm/cmbxti10.pfb><C:/Program Files/MiKTeX 2.9/fonts/type1/pu
blic/amsfonts/cm/cmcsc10.pfb><C:/Program Files/MiKTeX 2.9/fonts/type1/public/am
sfonts/cm/cmex10.pfb><C:/Program Files/MiKTeX 2.9/fonts/type1/public/amsfonts/c
mextra/cmex8.pfb><C:/Program Files/MiKTeX 2.9/fonts/type1/public/amsfonts/cm/cm
itt10.pfb><C:/Program Files/MiKTeX 2.9/fonts/type1/public/amsfonts/cm/cmmi10.pf
b><C:/Program Files/MiKTeX 2.9/fonts/type1/public/amsfonts/cm/cmmi12.pfb><C:/Pr
ogram Files/MiKTeX 2.9/fonts/type1/public/amsfonts/cm/cmmi6.pfb><C:/Program Fil
es/MiKTeX 2.9/fonts/type1/public/amsfonts/cm/cmmi8.pfb><C:/Program Files/MiKTeX
 2.9/fonts/type1/public/amsfonts/cm/cmmib10.pfb><C:/Program Files/MiKTeX 2.9/fo
nts/type1/public/amsfonts/cmextra/cmmib8.pfb><C:/Program Files/MiKTeX 2.9/fonts
/type1/public/amsfonts/cm/cmr10.pfb><C:/Program Files/MiKTeX 2.9/fonts/type1/pu
blic/amsfonts/cm/cmr12.pfb><C:/Program Files/MiKTeX 2.9/fonts/type1/public/amsf
onts/cm/cmr17.pfb><C:/Program Files/MiKTeX 2.9/fonts/type1/public/amsfonts/cm/c
mr6.pfb><C:/Program Files/MiKTeX 2.9/fonts/type1/public/amsfonts/cm/cmr7.pfb><C
:/Program Files/MiKTeX 2.9/fonts/type1/public/amsfonts/cm/cmr8.pfb><C:/Program 
Files/MiKTeX 2.9/fonts/type1/public/amsfonts/cm/cmsy10.pfb><C:/Program Files/Mi
KTeX 2.9/fonts/type1/public/amsfonts/cm/cmsy6.pfb><C:/Program Files/MiKTeX 2.9/
fonts/type1/public/amsfonts/cm/cmsy8.pfb><C:/Program Files/MiKTeX 2.9/fonts/typ
e1/public/amsfonts/cm/cmti10.pfb><C:/Program Files/MiKTeX 2.9/fonts/type1/publi
c/amsfonts/cm/cmti12.pfb><C:/Program Files/MiKTeX 2.9/fonts/type1/public/amsfon
ts/cm/cmti8.pfb><C:/Program Files/MiKTeX 2.9/fonts/type1/public/amsfonts/cm/cmt
t12.pfb><C:/Program Files/MiKTeX 2.9/fonts/type1/urw/helvetic/uhvbo8a.pfb>
Output written on verslag3.pdf (48 pages, 1123177 bytes).
PDF statistics:
 413 PDF objects out of 1000 (max. 8388607)
 0 named destinations out of 1000 (max. 500000)
 131 words of extra memory for PDF output out of 10000 (max. 10000000)

